Using pre-set license
Built from '6000.0/staging' branch; Version is '6000.0.23f1 (1c4764c07fb4) revision 1853284'; Using compiler version '193933523'; Build Type 'Release'
OS: 'Windows 11  (10.0.22631) 64bit CoreCountrySpecific' Language: 'zh' Physical Memory: 15741 MB
BatchMode: 1, IsHumanControllingUs: 0, StartBugReporterOnCrash: 0, Is64bit: 1, IsPro: 1

COMMAND LINE ARGUMENTS:
D:\Unity\6000.0.23f1\Editor\Unity.exe
-adb2
-batchMode
-noUpm
-name
AssetImportWorker2
-projectPath
E:/PBA and PBD Cloth
-logFile
Logs/AssetImportWorker2.log
-srvPort
6516
-job-worker-count
5
-background-job-worker-count
8
-asset-garbage-collectors
1
Successfully changed project path to: E:/PBA and PBD Cloth
E:/PBA and PBD Cloth
[UnityMemory] Configuration Parameters - Can be set up in boot.config
    "memorysetup-bucket-allocator-granularity=16"
    "memorysetup-bucket-allocator-bucket-count=8"
    "memorysetup-bucket-allocator-block-size=33554432"
    "memorysetup-bucket-allocator-block-count=8"
    "memorysetup-main-allocator-block-size=16777216"
    "memorysetup-thread-allocator-block-size=16777216"
    "memorysetup-gfx-main-allocator-block-size=16777216"
    "memorysetup-gfx-thread-allocator-block-size=16777216"
    "memorysetup-cache-allocator-block-size=4194304"
    "memorysetup-typetree-allocator-block-size=2097152"
    "memorysetup-profiler-bucket-allocator-granularity=16"
    "memorysetup-profiler-bucket-allocator-bucket-count=8"
    "memorysetup-profiler-bucket-allocator-block-size=33554432"
    "memorysetup-profiler-bucket-allocator-block-count=8"
    "memorysetup-profiler-allocator-block-size=16777216"
    "memorysetup-profiler-editor-allocator-block-size=1048576"
    "memorysetup-temp-allocator-size-main=16777216"
    "memorysetup-job-temp-allocator-block-size=2097152"
    "memorysetup-job-temp-allocator-block-size-background=1048576"
    "memorysetup-job-temp-allocator-reduction-small-platforms=262144"
    "memorysetup-allocator-temp-initial-block-size-main=262144"
    "memorysetup-allocator-temp-initial-block-size-worker=262144"
    "memorysetup-temp-allocator-size-background-worker=32768"
    "memorysetup-temp-allocator-size-job-worker=262144"
    "memorysetup-temp-allocator-size-preload-manager=33554432"
    "memorysetup-temp-allocator-size-nav-mesh-worker=65536"
    "memorysetup-temp-allocator-size-audio-worker=65536"
    "memorysetup-temp-allocator-size-cloud-worker=32768"
    "memorysetup-temp-allocator-size-gi-baking-worker=262144"
    "memorysetup-temp-allocator-size-gi-baking-worker=262144"
    "memorysetup-temp-allocator-size-gi-baking-worker=262144"
    "memorysetup-temp-allocator-size-gi-baking-worker=262144"
    "memorysetup-temp-allocator-size-gi-baking-worker=262144"
    "memorysetup-temp-allocator-size-gfx=262144"
Player connection [26384]  Target information:

Player connection [26384]  * "[IP] 192.168.1.101 [Port] 0 [Flags] 2 [Guid] 1412281849 [EditorId] 1412281849 [Version] 1048832 [Id] WindowsEditor(7,AYINZHANG-NB2) [Debug] 1 [PackageName] WindowsEditor [ProjectName] Editor" 

Player connection [26384] Host joined multi-casting on [225.0.0.222:54997]...
Player connection [26384] Host joined alternative multi-casting on [225.0.0.222:34997]...
JobSystem: Creating JobQueue using job-worker-count value 5
[Physics::Module] Initialized fallback backend.
[Physics::Module] Id: 0xdecafbad
Library Redirect Path: Library/
[Physics::Module] Selected backend.
[Physics::Module] Name: PhysX
[Physics::Module] Id: 0xf2b8ea05
[Physics::Module] SDK Version: 4.1.2
[Physics::Module] Integration Version: 1.0.0
[Physics::Module] Threading Mode: Multi-Threaded
Refreshing native plugins compatible for Editor in 2.10 ms, found 4 plugins.
Preloading 0 native plugins for Editor in 0.00 ms.
Initialize engine version: 6000.0.23f1 (1c4764c07fb4)
[Subsystems] Discovering subsystems at path D:/Unity/6000.0.23f1/Editor/Data/Resources/UnitySubsystems
[Subsystems] Discovering subsystems at path E:/PBA and PBD Cloth/Assets
GfxDevice: creating device client; kGfxThreadingModeNonThreaded
Direct3D:
    Version:  Direct3D 11.0 [level 11.1]
    Renderer: NVIDIA GeForce GTX 1650 (ID=0x1f99)
    Vendor:   NVIDIA
    VRAM:     3937 MB
    Driver:   32.0.15.6590
Initialize mono
Mono path[0] = 'D:/Unity/6000.0.23f1/Editor/Data/Managed'
Mono path[1] = 'D:/Unity/6000.0.23f1/Editor/Data/MonoBleedingEdge/lib/mono/unityjit-win32'
Mono config path = 'D:/Unity/6000.0.23f1/Editor/Data/MonoBleedingEdge/etc'
Using monoOptions --debugger-agent=transport=dt_socket,embedding=1,server=y,suspend=n,address=127.0.0.1:56348
Begin MonoManager ReloadAssembly
Registering precompiled unity dll's ...
Register platform support module: D:/Unity/6000.0.23f1/Editor/Data/PlaybackEngines/WindowsStandaloneSupport/UnityEditor.WindowsStandalone.Extensions.dll
Register platform support module: D:/Unity/6000.0.23f1/Editor/Data/PlaybackEngines/AndroidPlayer/UnityEditor.Android.Extensions.dll
Registered in 0.003388 seconds.
- Loaded All Assemblies, in  0.593 seconds
Native extension for Android target not found
Android Extension - Scanning For ADB Devices 1604 ms
Native extension for WindowsStandalone target not found
Mono: successfully reloaded assembly
- Finished resetting the current domain, in  2.211 seconds
Domain Reload Profiling: 2803ms
	BeginReloadAssembly (232ms)
		ExecutionOrderSort (0ms)
		DisableScriptedObjects (0ms)
		BackupInstance (0ms)
		ReleaseScriptingObjects (0ms)
		CreateAndSetChildDomain (1ms)
	RebuildCommonClasses (52ms)
	RebuildNativeTypeToScriptingClass (15ms)
	initialDomainReloadingComplete (68ms)
	LoadAllAssembliesAndSetupDomain (224ms)
		LoadAssemblies (231ms)
		RebuildTransferFunctionScriptingTraits (0ms)
		AnalyzeDomain (219ms)
			TypeCache.Refresh (217ms)
				TypeCache.ScanAssembly (200ms)
			BuildScriptInfoCaches (0ms)
			ResolveRequiredComponents (1ms)
	FinalizeReload (2211ms)
		ReleaseScriptCaches (0ms)
		RebuildScriptCaches (0ms)
		SetupLoadedEditorAssemblies (2169ms)
			LogAssemblyErrors (0ms)
			InitializePlatformSupportModulesInManaged (1741ms)
			SetLoadedEditorAssemblies (6ms)
			BeforeProcessingInitializeOnLoad (9ms)
			ProcessInitializeOnLoadAttributes (246ms)
			ProcessInitializeOnLoadMethodAttributes (115ms)
			AfterProcessingInitializeOnLoad (51ms)
			EditorAssembliesLoaded (0ms)
		ExecutionOrderSort2 (0ms)
		AwakeInstancesAfterBackupRestoration (0ms)
========================================================================
Worker process is ready to serve import requests
Import Worker Mode flag is 0x00
Begin MonoManager ReloadAssembly
- Loaded All Assemblies, in  1.418 seconds
Refreshing native plugins compatible for Editor in 0.96 ms, found 4 plugins.
Native extension for Android target not found
Native extension for WindowsStandalone target not found
Mono: successfully reloaded assembly
- Finished resetting the current domain, in  1.329 seconds
Domain Reload Profiling: 2746ms
	BeginReloadAssembly (565ms)
		ExecutionOrderSort (0ms)
		DisableScriptedObjects (8ms)
		BackupInstance (0ms)
		ReleaseScriptingObjects (0ms)
		CreateAndSetChildDomain (52ms)
	RebuildCommonClasses (53ms)
	RebuildNativeTypeToScriptingClass (17ms)
	initialDomainReloadingComplete (62ms)
	LoadAllAssembliesAndSetupDomain (720ms)
		LoadAssemblies (530ms)
		RebuildTransferFunctionScriptingTraits (0ms)
		AnalyzeDomain (341ms)
			TypeCache.Refresh (251ms)
				TypeCache.ScanAssembly (230ms)
			BuildScriptInfoCaches (73ms)
			ResolveRequiredComponents (14ms)
	FinalizeReload (1330ms)
		ReleaseScriptCaches (0ms)
		RebuildScriptCaches (0ms)
		SetupLoadedEditorAssemblies (1005ms)
			LogAssemblyErrors (0ms)
			InitializePlatformSupportModulesInManaged (13ms)
			SetLoadedEditorAssemblies (9ms)
			BeforeProcessingInitializeOnLoad (194ms)
			ProcessInitializeOnLoadAttributes (674ms)
			ProcessInitializeOnLoadMethodAttributes (109ms)
			AfterProcessingInitializeOnLoad (5ms)
			EditorAssembliesLoaded (0ms)
		ExecutionOrderSort2 (0ms)
		AwakeInstancesAfterBackupRestoration (8ms)
Launched and connected shader compiler UnityShaderCompiler.exe after 0.02 seconds
Refreshing native plugins compatible for Editor in 1.09 ms, found 4 plugins.
Preloading 0 native plugins for Editor in 0.00 ms.
Unloading 198 Unused Serialized files (Serialized files now loaded: 0)
Unloading 5903 unused Assets / (4.4 MB). Loaded Objects now: 6671.
Memory consumption went from 178.6 MB to 174.1 MB.
Total: 10.824500 ms (FindLiveObjects: 0.931500 ms CreateObjectMapping: 1.021700 ms MarkObjects: 5.730500 ms  DeleteObjects: 3.139300 ms)

========================================================================
Received Import Request.
  Time since last request: 267438.876872 seconds.
  path: Assets/Resources
  artifactKey: Guid(dd67035d6d3edb843912cb1999bdf6de) Importer(815301076,1909f56bfc062723c751e8b465ee728b)
Start importing Assets/Resources using Guid(dd67035d6d3edb843912cb1999bdf6de) Importer(815301076,1909f56bfc062723c751e8b465ee728b) (PreviewImporter) -> (artifact id: '74966cde730c2355ac975513f5670ab9') in 0.0078309 seconds
Number of updated asset objects reloaded before import = 0Number of asset objects unloaded after import = 0

========================================================================
Received Import Request.
  Time since last request: 0.000018 seconds.
  path: Assets/Resources/Yokino.mat
  artifactKey: Guid(3b409095a306c8741bc37ea7cbf77abc) Importer(815301076,1909f56bfc062723c751e8b465ee728b)
Start importing Assets/Resources/Yokino.mat using Guid(3b409095a306c8741bc37ea7cbf77abc) Importer(815301076,1909f56bfc062723c751e8b465ee728b) (PreviewImporter) -> (artifact id: '32e9b1020195084107d4b55affa2e9be') in 0.6323518 seconds
Number of updated asset objects reloaded before import = 0Number of asset objects unloaded after import = 2

========================================================================
Received Import Request.
  Time since last request: 15.668007 seconds.
  path: Assets/Resources/Cloth 1.fbx
  artifactKey: Guid(1c3d7a609445de7418f236dafa222b15) Importer(815301076,1909f56bfc062723c751e8b465ee728b)
Start importing Assets/Resources/Cloth 1.fbx using Guid(1c3d7a609445de7418f236dafa222b15) Importer(815301076,1909f56bfc062723c751e8b465ee728b) (PreviewImporter) -> (artifact id: '1064c98e67a882e9088a8df55f98a7ed') in 0.2343601 seconds
Number of updated asset objects reloaded before import = 0Number of asset objects unloaded after import = 19

========================================================================
Received Import Request.
  Time since last request: 18.328937 seconds.
  path: Assets/Resources/Cloth 1.fbx
  artifactKey: Guid(1c3d7a609445de7418f236dafa222b15) Importer(815301076,1909f56bfc062723c751e8b465ee728b)
Start importing Assets/Resources/Cloth 1.fbx using Guid(1c3d7a609445de7418f236dafa222b15) Importer(815301076,1909f56bfc062723c751e8b465ee728b) (PreviewImporter) -> (artifact id: '4906229378608a32c18c3c1f3a2feb54') in 0.0556498 seconds
Number of updated asset objects reloaded before import = 0Number of asset objects unloaded after import = 19

========================================================================
Received Import Request.
  Time since last request: 51.726161 seconds.
  path: Assets/Resources/Cloth 1.fbx
  artifactKey: Guid(1c3d7a609445de7418f236dafa222b15) Importer(815301076,1909f56bfc062723c751e8b465ee728b)
Start importing Assets/Resources/Cloth 1.fbx using Guid(1c3d7a609445de7418f236dafa222b15) Importer(815301076,1909f56bfc062723c751e8b465ee728b) (PreviewImporter) -> (artifact id: 'bc7b01d9bdc0d087b62fc3d0c740d8ea') in 0.0368737 seconds
Number of updated asset objects reloaded before import = 0Number of asset objects unloaded after import = 19

========================================================================
Received Import Request.
  Time since last request: 45.331811 seconds.
  path: Assets/Resources/Cloth 1.fbx
  artifactKey: Guid(1c3d7a609445de7418f236dafa222b15) Importer(815301076,1909f56bfc062723c751e8b465ee728b)
Start importing Assets/Resources/Cloth 1.fbx using Guid(1c3d7a609445de7418f236dafa222b15) Importer(815301076,1909f56bfc062723c751e8b465ee728b) (PreviewImporter) -> (artifact id: '2b04187f1aa53b4748793f7a4ab0ef32') in 0.02867 seconds
Number of updated asset objects reloaded before import = 0Number of asset objects unloaded after import = 19

========================================================================
Received Import Request.
  Time since last request: 8.757832 seconds.
  path: Assets/Resources/Cloth 1.fbx
  artifactKey: Guid(1c3d7a609445de7418f236dafa222b15) Importer(815301076,1909f56bfc062723c751e8b465ee728b)
Start importing Assets/Resources/Cloth 1.fbx using Guid(1c3d7a609445de7418f236dafa222b15) Importer(815301076,1909f56bfc062723c751e8b465ee728b) (PreviewImporter) -> (artifact id: '84c6ee35089f4355382f725b5c4bd6ee') in 0.0355865 seconds
Number of updated asset objects reloaded before import = 0Number of asset objects unloaded after import = 19

========================================================================
Received Import Request.
  Time since last request: 74.909787 seconds.
  path: Assets/Resources/Cloth 1.fbx
  artifactKey: Guid(1c3d7a609445de7418f236dafa222b15) Importer(815301076,1909f56bfc062723c751e8b465ee728b)
Start importing Assets/Resources/Cloth 1.fbx using Guid(1c3d7a609445de7418f236dafa222b15) Importer(815301076,1909f56bfc062723c751e8b465ee728b) (PreviewImporter) -> (artifact id: '6a1c1ebb9d48961530e36b5a97cab38e') in 0.030156 seconds
Number of updated asset objects reloaded before import = 0Number of asset objects unloaded after import = 9

========================================================================
Received Import Request.
  Time since last request: 7.859796 seconds.
  path: Assets/Resources/Cloth 1.fbx
  artifactKey: Guid(1c3d7a609445de7418f236dafa222b15) Importer(815301076,1909f56bfc062723c751e8b465ee728b)
Start importing Assets/Resources/Cloth 1.fbx using Guid(1c3d7a609445de7418f236dafa222b15) Importer(815301076,1909f56bfc062723c751e8b465ee728b) (PreviewImporter) -> (artifact id: 'd5c0a6fdbb1567ccbbdb2a4225d6e0e4') in 0.0241495 seconds
Number of updated asset objects reloaded before import = 0Number of asset objects unloaded after import = 9

========================================================================
Received Import Request.
  Time since last request: 450.472905 seconds.
  path: Assets/Resources/temp.fbx
  artifactKey: Guid(8fb9b0c113e1ba749aaa702fd93bae34) Importer(815301076,1909f56bfc062723c751e8b465ee728b)
Start importing Assets/Resources/temp.fbx using Guid(8fb9b0c113e1ba749aaa702fd93bae34) Importer(815301076,1909f56bfc062723c751e8b465ee728b) (PreviewImporter) -> (artifact id: '3d8a128a92321205a2af752ef3a76d71') in 0.0586609 seconds
Number of updated asset objects reloaded before import = 0Number of asset objects unloaded after import = 16

========================================================================
Received Import Request.
  Time since last request: 48.874525 seconds.
  path: Assets/Resources/temp.fbx
  artifactKey: Guid(8fb9b0c113e1ba749aaa702fd93bae34) Importer(815301076,1909f56bfc062723c751e8b465ee728b)
Start importing Assets/Resources/temp.fbx using Guid(8fb9b0c113e1ba749aaa702fd93bae34) Importer(815301076,1909f56bfc062723c751e8b465ee728b) (PreviewImporter) -> (artifact id: 'e65715152deb4d653c9e5ee4f1b6c8e7') in 0.0734898 seconds
Number of updated asset objects reloaded before import = 0Number of asset objects unloaded after import = 16

========================================================================
Received Import Request.
  Time since last request: 5.173816 seconds.
  path: Assets/Resources/Grid.mesh
  artifactKey: Guid(930acd7341ad47b45b6f60fa7ef9b40f) Importer(815301076,1909f56bfc062723c751e8b465ee728b)
Start importing Assets/Resources/Grid.mesh using Guid(930acd7341ad47b45b6f60fa7ef9b40f) Importer(815301076,1909f56bfc062723c751e8b465ee728b) (PreviewImporter) -> (artifact id: '426bbda73cd927b2ae5a5242c7e6b479') in 0.0171326 seconds
Number of updated asset objects reloaded before import = 0Number of asset objects unloaded after import = 2

========================================================================
Received Import Request.
  Time since last request: 154.929559 seconds.
  path: Assets/Resources/temp.fbx
  artifactKey: Guid(8fb9b0c113e1ba749aaa702fd93bae34) Importer(815301076,1909f56bfc062723c751e8b465ee728b)
Start importing Assets/Resources/temp.fbx using Guid(8fb9b0c113e1ba749aaa702fd93bae34) Importer(815301076,1909f56bfc062723c751e8b465ee728b) (PreviewImporter) -> (artifact id: '5c2e4086ce52c7031db1bb15d9a18f6d') in 0.0392834 seconds
Number of updated asset objects reloaded before import = 0Number of asset objects unloaded after import = 16

========================================================================
Received Import Request.
  Time since last request: 7.678432 seconds.
  path: Assets/Resources/temp.fbx
  artifactKey: Guid(8fb9b0c113e1ba749aaa702fd93bae34) Importer(815301076,1909f56bfc062723c751e8b465ee728b)
Start importing Assets/Resources/temp.fbx using Guid(8fb9b0c113e1ba749aaa702fd93bae34) Importer(815301076,1909f56bfc062723c751e8b465ee728b) (PreviewImporter) -> (artifact id: 'dd77d020d32fd6338902751bef766ba0') in 0.0796556 seconds
Number of updated asset objects reloaded before import = 0Number of asset objects unloaded after import = 16

========================================================================
Received Import Request.
  Time since last request: 2.540074 seconds.
  path: Assets/Resources/Grid.mesh
  artifactKey: Guid(930acd7341ad47b45b6f60fa7ef9b40f) Importer(815301076,1909f56bfc062723c751e8b465ee728b)
Start importing Assets/Resources/Grid.mesh using Guid(930acd7341ad47b45b6f60fa7ef9b40f) Importer(815301076,1909f56bfc062723c751e8b465ee728b) (PreviewImporter) -> (artifact id: 'e6673f0d966d677b819b541de6c57149') in 0.0069396 seconds
Number of updated asset objects reloaded before import = 0Number of asset objects unloaded after import = 2

========================================================================
Received Import Request.
  Time since last request: 41.411906 seconds.
  path: Assets/Resources/Cloth.mesh
  artifactKey: Guid(930acd7341ad47b45b6f60fa7ef9b40f) Importer(815301076,1909f56bfc062723c751e8b465ee728b)
Start importing Assets/Resources/Cloth.mesh using Guid(930acd7341ad47b45b6f60fa7ef9b40f) Importer(815301076,1909f56bfc062723c751e8b465ee728b) (PreviewImporter) -> (artifact id: '7f0a2c85a0e85ae0222f74b8f030494c') in 0.0077074 seconds
Number of updated asset objects reloaded before import = 0Number of asset objects unloaded after import = 2

